playerdemo/build/outputs/logs/manifest-merger-debug-report.txt
-- Merging decision tree log ---
manifest
ADDED from src\main\AndroidManifest.xml:2:1-122:12
	package
		ADDED from src\main\AndroidManifest.xml:3:5-41
		INJECTED from src\main\AndroidManifest.xml
		INJECTED from src\main\AndroidManifest.xml
	android:versionName
		ADDED from src\main\AndroidManifest.xml:5:5-30
		INJECTED from src\main\AndroidManifest.xml
		INJECTED from src\main\AndroidManifest.xml
	android:versionCode
		ADDED from src\main\AndroidManifest.xml:4:5-28
		INJECTED from src\main\AndroidManifest.xml
		INJECTED from src\main\AndroidManifest.xml
	xmlns:android
		ADDED from src\main\AndroidManifest.xml:2:11-69
uses-permission#android.permission.VIBRATE
ADDED from src\main\AndroidManifest.xml:8:5-66
	android:name
		ADDED from src\main\AndroidManifest.xml:8:22-63
uses-permission#android.permission.READ_LOGS
ADDED from src\main\AndroidManifest.xml:9:5-68
	android:name
		ADDED from src\main\AndroidManifest.xml:9:22-65
uses-permission#android.permission.WRITE_EXTERNAL_STORAGE
ADDED from src\main\AndroidManifest.xml:10:5-81
	android:name
		ADDED from src\main\AndroidManifest.xml:10:22-78
uses-permission#android.permission.READ_EXTERNAL_STORAGE
ADDED from src\main\AndroidManifest.xml:11:5-80
	android:name
		ADDED from src\main\AndroidManifest.xml:11:22-77
uses-permission#android.permission.FLASHLIGHT
ADDED from src\main\AndroidManifest.xml:12:5-69
	android:name
		ADDED from src\main\AndroidManifest.xml:12:22-66
uses-permission#android.permission.READ_PHONE_STATE
ADDED from src\main\AndroidManifest.xml:14:5-75
	android:name
		ADDED from src\main\AndroidManifest.xml:14:22-72
uses-permission#android.permission.ACCESS_FINE_LOCATION
ADDED from src\main\AndroidManifest.xml:15:5-79
	android:name
		ADDED from src\main\AndroidManifest.xml:15:22-76
uses-permission#android.permission.ACCESS_WIFI_STATE
ADDED from src\main\AndroidManifest.xml:16:5-76
	android:name
		ADDED from src\main\AndroidManifest.xml:16:22-73
uses-permission#android.permission.GET_TASKS
ADDED from src\main\AndroidManifest.xml:17:5-68
	android:name
		ADDED from src\main\AndroidManifest.xml:17:22-65
uses-permission#android.permission.INTERNET
ADDED from src\main\AndroidManifest.xml:18:5-67
	android:name
		ADDED from src\main\AndroidManifest.xml:18:22-64
uses-permission#android.permission.ACCESS_NETWORK_STATE
ADDED from src\main\AndroidManifest.xml:19:5-79
	android:name
		ADDED from src\main\AndroidManifest.xml:19:22-76
uses-permission#android.permission.ACCESS_COARSE_LOCATION
ADDED from src\main\AndroidManifest.xml:20:5-81
	android:name
		ADDED from src\main\AndroidManifest.xml:20:22-78
uses-permission#android.permission.RECEIVE_USER_PRESENT
ADDED from src\main\AndroidManifest.xml:21:5-79
	android:name
		ADDED from src\main\AndroidManifest.xml:21:22-76
application
ADDED from src\main\AndroidManifest.xml:23:5-120:19
	android:label
		ADDED from src\main\AndroidManifest.xml:27:9-41
	android:allowBackup
		ADDED from src\main\AndroidManifest.xml:25:9-35
	android:icon
		ADDED from src\main\AndroidManifest.xml:26:9-45
	android:theme
		ADDED from src\main\AndroidManifest.xml:28:9-44
	android:name
		ADDED from src\main\AndroidManifest.xml:24:9-59
activity#com.example.playerdemo.activity.HomeActivity
ADDED from src\main\AndroidManifest.xml:29:9-40:20
	android:screenOrientation
		ADDED from src\main\AndroidManifest.xml:33:13-49
	android:label
		ADDED from src\main\AndroidManifest.xml:32:13-45
	android:configChanges
		ADDED from src\main\AndroidManifest.xml:31:13-84
	android:theme
		ADDED from src\main\AndroidManifest.xml:34:13-60
	android:name
		ADDED from src\main\AndroidManifest.xml:30:13-72
intent-filter#android.intent.action.MAIN+android.intent.category.LAUNCHER
ADDED from src\main\AndroidManifest.xml:35:13-39:29
action#android.intent.action.MAIN
ADDED from src\main\AndroidManifest.xml:36:17-69
	android:name
		ADDED from src\main\AndroidManifest.xml:36:25-66
category#android.intent.category.LAUNCHER
ADDED from src\main\AndroidManifest.xml:38:17-77
	android:name
		ADDED from src\main\AndroidManifest.xml:38:27-74
activity#com.example.playerdemo.activity.PlayActivity
ADDED from src\main\AndroidManifest.xml:41:9-47:20
	android:screenOrientation
		ADDED from src\main\AndroidManifest.xml:45:13-49
	android:label
		ADDED from src\main\AndroidManifest.xml:44:13-45
	android:configChanges
		ADDED from src\main\AndroidManifest.xml:43:13-84
	android:theme
		ADDED from src\main\AndroidManifest.xml:46:13-60
	android:name
		ADDED from src\main\AndroidManifest.xml:42:13-72
activity#com.example.playerdemo.activity.NormalPlayActivity
ADDED from src\main\AndroidManifest.xml:48:9-54:20
	android:screenOrientation
		ADDED from src\main\AndroidManifest.xml:52:13-49
	android:label
		ADDED from src\main\AndroidManifest.xml:51:13-45
	android:configChanges
		ADDED from src\main\AndroidManifest.xml:50:13-84
	android:theme
		ADDED from src\main\AndroidManifest.xml:53:13-60
	android:name
		ADDED from src\main\AndroidManifest.xml:49:13-78
activity#com.example.playerdemo.activity.PlayNoSkinActivity
ADDED from src\main\AndroidManifest.xml:55:9-61:20
	android:screenOrientation
		ADDED from src\main\AndroidManifest.xml:59:13-49
	android:label
		ADDED from src\main\AndroidManifest.xml:58:13-45
	android:configChanges
		ADDED from src\main\AndroidManifest.xml:57:13-84
	android:theme
		ADDED from src\main\AndroidManifest.xml:60:13-60
	android:name
		ADDED from src\main\AndroidManifest.xml:56:13-78
activity#com.example.playerdemo.test.SkinTest
ADDED from src\main\AndroidManifest.xml:62:9-68:20
	android:screenOrientation
		ADDED from src\main\AndroidManifest.xml:66:13-49
	android:label
		ADDED from src\main\AndroidManifest.xml:65:13-45
	android:configChanges
		ADDED from src\main\AndroidManifest.xml:64:13-84
	android:theme
		ADDED from src\main\AndroidManifest.xml:67:13-60
	android:name
		ADDED from src\main\AndroidManifest.xml:63:13-64
activity#com.example.playerdemo.activity.DownloadActivity
ADDED from src\main\AndroidManifest.xml:69:9-74:20
	android:screenOrientation
		ADDED from src\main\AndroidManifest.xml:72:13-49
	android:configChanges
		ADDED from src\main\AndroidManifest.xml:71:13-84
	android:theme
		ADDED from src\main\AndroidManifest.xml:73:13-60
	android:name
		ADDED from src\main\AndroidManifest.xml:70:13-76
activity#com.example.playerdemo.activity.AdPlayerViewActivity
ADDED from src\main\AndroidManifest.xml:75:9-79:20
	android:configChanges
		ADDED from src\main\AndroidManifest.xml:77:13-99
	android:theme
		ADDED from src\main\AndroidManifest.xml:78:13-60
	android:name
		ADDED from src\main\AndroidManifest.xml:76:13-80
activity#com.example.playerdemo.activity.ListPlayerViewActivity
ADDED from src\main\AndroidManifest.xml:80:9-84:20
	android:configChanges
		ADDED from src\main\AndroidManifest.xml:82:13-99
	android:theme
		ADDED from src\main\AndroidManifest.xml:83:13-60
	android:name
		ADDED from src\main\AndroidManifest.xml:81:13-82
activity#com.example.playerdemo.activity.MorePlayerActivity
ADDED from src\main\AndroidManifest.xml:85:9-91:20
	android:screenOrientation
		ADDED from src\main\AndroidManifest.xml:89:13-50
	android:configChanges
		ADDED from src\main\AndroidManifest.xml:87:13-99
	android:theme
		ADDED from src\main\AndroidManifest.xml:88:13-60
	android:name
		ADDED from src\main\AndroidManifest.xml:86:13-78
activity#com.lecloud.ad.WebViewActivity
ADDED from src\main\AndroidManifest.xml:92:9-97:20
	android:screenOrientation
		ADDED from src\main\AndroidManifest.xml:95:13-49
	android:configChanges
		ADDED from src\main\AndroidManifest.xml:94:13-84
	android:theme
		ADDED from src\main\AndroidManifest.xml:96:13-60
	android:name
		ADDED from src\main\AndroidManifest.xml:93:13-58
activity#com.letv.skin.activity.FeedBackActivity
ADDED from src\main\AndroidManifest.xml:99:9-103:72
	android:screenOrientation
		ADDED from src\main\AndroidManifest.xml:102:13-49
	android:configChanges
		ADDED from src\main\AndroidManifest.xml:101:13-84
	android:theme
		ADDED from src\main\AndroidManifest.xml:103:13-60
	android:name
		ADDED from src\main\AndroidManifest.xml:100:13-67
service#com.letv.pp.service.CdeService
ADDED from src\main\AndroidManifest.xml:104:9-106:38
	android:process
		ADDED from src\main\AndroidManifest.xml:106:13-35
	android:name
		ADDED from src\main\AndroidManifest.xml:105:13-58
service#com.lecloud.download.control.LeDownloadService
ADDED from src\main\AndroidManifest.xml:107:9-111:19
	android:name
		ADDED from src\main\AndroidManifest.xml:107:18-79
intent-filter#Ledownload.service.action
ADDED from src\main\AndroidManifest.xml:108:13-110:29
action#Ledownload.service.action
ADDED from src\main\AndroidManifest.xml:109:17-68
	android:name
		ADDED from src\main\AndroidManifest.xml:109:25-65
service#com.squareup.leakcanary.internal.HeapAnalyzerService
ADDED from src\main\AndroidManifest.xml:113:9-116:45
	android:enabled
		ADDED from src\main\AndroidManifest.xml:115:13-36
	android:process
		ADDED from src\main\AndroidManifest.xml:116:13-42
	android:name
		ADDED from src\main\AndroidManifest.xml:114:13-80
service#com.squareup.leakcanary.DisplayLeakService
ADDED from src\main\AndroidManifest.xml:117:9-119:39
	android:enabled
		ADDED from src\main\AndroidManifest.xml:119:13-36
	android:name
		ADDED from src\main\AndroidManifest.xml:118:13-70
uses-sdk
INJECTED from src\main\AndroidManifest.xml reason: use-sdk injection requested
	android:targetSdkVersion
		INJECTED from src\main\AndroidManifest.xml
		INJECTED from src\main\AndroidManifest.xml
	android:minSdkVersion
		INJECTED from src\main\AndroidManifest.xml
		INJECTED from src\main\AndroidManifest.xml